0 info it worked if it ends with ok
1 verbose cli [ '/Users/chris.ramacciotti/.nvm/versions/node/v6.9.2/bin/node',
1 verbose cli   '/Users/chris.ramacciotti/.nvm/versions/node/v6.9.2/bin/npm',
1 verbose cli   'run',
1 verbose cli   'start' ]
2 info using npm@3.10.9
3 info using node@v6.9.2
4 verbose run-script [ 'prestart', 'start', 'poststart' ]
5 info lifecycle @~prestart: @
6 silly lifecycle @~prestart: no script for prestart, continuing
7 info lifecycle @~start: @
8 verbose lifecycle @~start: unsafe-perm in lifecycle true
9 verbose lifecycle @~start: PATH: /Users/chris.ramacciotti/.nvm/versions/node/v6.9.2/lib/node_modules/npm/bin/node-gyp-bin:/Users/chris.ramacciotti/workspace/docker-and-k8s/fibonacci/worker/node_modules/.bin:/Users/chris.ramacciotti/.yarn/bin:/Users/chris.ramacciotti/.config/yarn/global/node_modules/.bin:/Users/chris.ramacciotti/google-cloud-sdk/bin:/usr/local/opt/grep/libexec/gnubin:/Applications/Visual Studio Code.app/Contents/Resources/app/bin:/Users/chris.ramacciotti/go/bin:/Users/chris.ramacciotti/.nvm/versions/node/v6.9.2/bin:/Users/chris.ramacciotti/.pyenv/bin:/usr/local/bin:/usr/bin:/bin:/usr/sbin:/sbin:/usr/local/go/bin
10 verbose lifecycle @~start: CWD: /Users/chris.ramacciotti/workspace/docker-and-k8s/fibonacci/worker
11 silly lifecycle @~start: Args: [ '-c', 'node index.js' ]
12 silly lifecycle @~start: Returned: code: 1  signal: null
13 info lifecycle @~start: Failed to exec start script
14 verbose stack Error: @ start: `node index.js`
14 verbose stack Exit status 1
14 verbose stack     at EventEmitter.<anonymous> (/Users/chris.ramacciotti/.nvm/versions/node/v6.9.2/lib/node_modules/npm/lib/utils/lifecycle.js:255:16)
14 verbose stack     at emitTwo (events.js:106:13)
14 verbose stack     at EventEmitter.emit (events.js:191:7)
14 verbose stack     at ChildProcess.<anonymous> (/Users/chris.ramacciotti/.nvm/versions/node/v6.9.2/lib/node_modules/npm/lib/utils/spawn.js:40:14)
14 verbose stack     at emitTwo (events.js:106:13)
14 verbose stack     at ChildProcess.emit (events.js:191:7)
14 verbose stack     at maybeClose (internal/child_process.js:877:16)
14 verbose stack     at Process.ChildProcess._handle.onexit (internal/child_process.js:226:5)
15 verbose pkgid @
16 verbose cwd /Users/chris.ramacciotti/workspace/docker-and-k8s/fibonacci/worker
17 error Darwin 19.2.0
18 error argv "/Users/chris.ramacciotti/.nvm/versions/node/v6.9.2/bin/node" "/Users/chris.ramacciotti/.nvm/versions/node/v6.9.2/bin/npm" "run" "start"
19 error node v6.9.2
20 error npm  v3.10.9
21 error code ELIFECYCLE
22 error @ start: `node index.js`
22 error Exit status 1
23 error Failed at the @ start script 'node index.js'.
23 error Make sure you have the latest version of node.js and npm installed.
23 error If you do, this is most likely a problem with the  package,
23 error not with npm itself.
23 error Tell the author that this fails on your system:
23 error     node index.js
23 error You can get information on how to open an issue for this project with:
23 error     npm bugs
23 error Or if that isn't available, you can get their info via:
23 error     npm owner ls
23 error There is likely additional logging output above.
24 verbose exit [ 1, true ]
